生成启动时间为 2014/7/16 14:05:43。
     1>项目“F:\大作业\MMMedia\MMMedia.vcxproj”在节点 2 上(build 个目标)。
     1>InitializeBuildStatus:
         正在创建“.\Debug\MMMedia.unsuccessfulbuild”，因为已指定“AlwaysCreate”。
       ClCompile:
         所有输出均为最新。
         所有输出均为最新。
         所有输出均为最新。
       ResourceCompile:
         所有输出均为最新。
       ManifestResourceCompile:
         所有输出均为最新。
       Link:
         所有输出均为最新。
       Manifest:
         C:\Program Files (x86)\Microsoft SDKs\Windows\v7.0A\bin\mt.exe /nologo /verbose /out:".\Debug\MMMedia.exe.embed.manifest" /manifest .\Debug\MMMedia.exe.intermediate.manifest h:\vs2010\VC\Include\Manifest\dpiaware.manifest
         所有输出均为最新。
       FinalizeBuildStatus:
         正在删除文件“.\Debug\MMMedia.unsuccessfulbuild”。
         正在对“.\Debug\MMMedia.lastbuildstate”执行 Touch 任务。
     1>已完成生成项目“F:\大作业\MMMedia\MMMedia.vcxproj”(build 个目标)的操作。

生成成功。

已用时间 00:00:00.37
